SF:lib/journal/json.dart
DA:12,0
DA:14,1
DA:16,2
DA:17,3
DA:18,3
DA:20,1
DA:21,0
DA:22,1
DA:23,1
DA:35,1
DA:42,1
DA:44,2
DA:45,2
DA:46,2
DA:47,2
DA:48,2
DA:49,0
DA:50,0
DA:56,3
DA:57,3
DA:59,1
DA:60,2
DA:61,3
DA:62,3
LF:24
LH:20
end_of_record
SF:lib/env/env.g.dart
DA:14,5
DA:16,20
DA:18,5
DA:21,0
DA:22,0
DA:23,0
DA:25,0
DA:28,1
DA:29,1
DA:30,3
DA:32,1
DA:34,6
DA:35,12
DA:37,6
DA:39,12
DA:40,6
DA:43,6
DA:45,24
DA:46,6
DA:53,0
DA:55,0
DA:56,0
DA:59,0
DA:61,0
DA:62,0
DA:66,1
DA:67,2
DA:69,1
DA:71,2
DA:72,1
DA:75,1
DA:77,4
DA:78,1
DA:85,0
DA:87,0
DA:88,0
DA:91,0
DA:93,0
DA:94,0
DA:98,2
DA:99,4
DA:101,2
DA:103,4
DA:104,2
DA:107,2
DA:109,8
DA:110,2
DA:114,6
DA:115,12
DA:117,6
DA:119,6
DA:120,18
DA:123,1
DA:124,2
DA:126,1
DA:128,1
DA:129,3
DA:135,0
DA:137,0
DA:138,0
DA:141,2
DA:142,4
DA:144,2
DA:146,2
DA:147,6
DA:150,0
DA:153,0
DA:154,0
DA:155,0
DA:156,0
DA:157,0
DA:158,0
DA:159,0
DA:160,0
DA:161,0
LF:75
LH:46
end_of_record
SF:lib/util/trace.dart
DA:27,15
DA:39,28
DA:47,28
DA:49,28
DA:50,28
DA:52,10
DA:54,8
DA:59,1
DA:60,1
DA:62,0
DA:63,0
DA:65,0
DA:66,0
DA:69,2
DA:70,2
DA:77,3
DA:79,1
DA:87,4
DA:89,1
DA:91,1
DA:93,1
DA:94,1
DA:97,1
DA:99,1
DA:104,0
DA:106,0
DA:108,0
DA:109,0
DA:111,0
DA:113,0
DA:114,0
DA:116,0
DA:118,0
DA:120,0
DA:122,0
DA:124,0
LF:36
LH:20
end_of_record
SF:lib/env/env.dart
DA:14,0
DA:16,0
DA:17,0
DA:35,5
DA:37,5
DA:39,0
DA:44,0
DA:46,0
DA:48,0
DA:53,1
DA:55,1
DA:57,0
DA:62,6
DA:64,12
DA:65,12
DA:69,6
DA:70,0
DA:73,6
DA:74,6
DA:78,1
DA:80,2
DA:81,2
DA:85,1
DA:86,1
DA:90,0
DA:92,0
DA:93,0
DA:94,0
DA:98,2
DA:100,4
DA:101,2
LF:31
LH:18
end_of_record
SF:lib/journal/channel.pg.dart
DA:25,1
DA:46,0
DA:47,0
DA:48,0
DA:49,0
DA:50,0
DA:51,0
DA:52,0
DA:53,0
DA:57,0
DA:59,0
DA:60,0
DA:61,0
DA:62,0
DA:63,0
DA:64,0
DA:65,0
DA:71,1
DA:86,0
DA:87,0
DA:88,0
DA:89,0
DA:90,0
DA:91,0
DA:95,0
DA:97,0
DA:98,0
DA:99,0
DA:100,0
DA:101,0
DA:107,6
DA:108,0
DA:110,0
DA:111,0
DA:112,0
DA:113,0
DA:114,0
DA:115,0
DA:117,0
DA:121,0
DA:124,0
DA:125,0
DA:126,0
DA:127,0
DA:129,0
DA:138,0
DA:144,0
DA:145,0
DA:147,0
DA:149,0
DA:151,0
DA:155,0
DA:156,0
DA:157,0
DA:158,0
DA:159,0
DA:166,0
DA:167,0
DA:169,0
DA:171,0
DA:173,0
DA:177,0
DA:178,0
DA:179,0
DA:180,0
DA:181,0
DA:188,0
DA:189,0
DA:191,0
DA:193,0
DA:195,0
DA:199,0
DA:200,0
DA:201,0
DA:202,0
DA:203,0
DA:210,0
DA:211,0
DA:213,0
DA:215,0
DA:217,0
DA:221,0
DA:222,0
DA:223,0
DA:224,0
DA:225,0
DA:246,0
DA:248,0
DA:252,0
DA:254,0
DA:255,0
DA:258,0
DA:259,0
DA:261,0
DA:267,0
DA:271,0
DA:273,0
DA:274,0
DA:277,0
DA:278,0
DA:280,0
DA:286,0
DA:290,0
DA:292,0
DA:293,0
DA:296,0
DA:297,0
DA:299,0
DA:300,0
DA:302,0
DA:308,0
DA:312,0
DA:314,0
DA:315,0
DA:318,0
DA:319,0
DA:321,0
DA:327,0
DA:331,0
DA:333,0
DA:335,0
LF:121
LH:3
end_of_record
SF:lib/journal/journal.g.dart
DA:14,1
DA:15,1
DA:16,3
DA:18,1
DA:21,1
DA:23,4
DA:25,1
DA:28,1
DA:30,4
DA:32,1
DA:34,1
DA:35,2
DA:37,1
DA:39,2
DA:40,1
DA:43,1
DA:45,4
DA:46,1
DA:50,1
DA:51,2
DA:53,1
DA:55,2
DA:56,1
DA:59,1
DA:61,4
DA:62,1
DA:66,1
DA:67,2
DA:69,1
DA:71,2
DA:72,1
DA:75,1
DA:77,4
DA:78,1
DA:82,1
DA:83,2
DA:85,1
DA:87,2
DA:88,1
DA:91,1
DA:93,4
DA:94,1
DA:98,1
DA:99,2
DA:101,1
DA:103,4
DA:106,1
DA:107,2
DA:109,1
DA:111,1
DA:112,3
DA:115,1
DA:116,2
DA:118,1
DA:120,1
DA:121,3
DA:124,1
DA:125,2
DA:127,1
DA:133,4
DA:140,0
DA:143,0
DA:144,0
DA:145,0
DA:146,0
DA:147,0
DA:148,0
DA:149,0
DA:150,0
LF:69
LH:60
end_of_record
SF:lib/journal/journal.dart
DA:21,1
DA:27,1
DA:28,1
DA:29,1
DA:30,1
DA:31,1
DA:35,1
DA:36,5
DA:39,1
DA:43,1
DA:44,2
DA:45,5
DA:49,1
DA:50,1
DA:51,6
DA:55,2
DA:57,2
DA:58,2
DA:59,2
DA:60,1
DA:61,2
DA:63,2
DA:64,2
DA:65,2
DA:66,1
DA:70,1
DA:72,5
DA:74,5
DA:81,3
DA:90,3
DA:91,3
DA:92,3
DA:93,3
DA:94,3
DA:96,1
DA:97,4
DA:98,2
DA:101,4
DA:102,2
DA:105,4
DA:106,3
DA:109,4
DA:110,2
DA:113,3
DA:116,0
DA:118,0
DA:119,0
DA:120,0
DA:129,1
DA:130,3
DA:132,1
DA:134,2
DA:136,1
DA:138,6
DA:146,1
DA:148,2
DA:149,2
DA:150,5
DA:152,4
DA:154,3
DA:155,1
DA:159,1
DA:161,2
DA:162,2
DA:163,0
DA:167,3
DA:168,0
DA:172,1
DA:173,1
DA:174,6
DA:177,1
DA:178,1
DA:179,1
DA:180,1
DA:181,0
DA:182,0
DA:188,1
DA:190,2
DA:191,1
DA:192,1
DA:193,1
DA:194,1
DA:196,0
DA:198,1
DA:202,1
DA:203,6
DA:206,0
DA:207,0
DA:210,1
DA:218,2
DA:219,2
DA:226,4
DA:227,4
DA:228,4
DA:229,4
DA:230,1
DA:231,3
DA:236,1
DA:237,1
DA:238,1
DA:239,1
DA:240,1
DA:242,1
DA:243,1
DA:247,1
DA:248,6
DA:250,2
DA:252,2
LF:108
LH:97
end_of_record
SF:lib/stage/stage.dart
DA:18,5
DA:24,4
DA:26,1
DA:27,3
DA:29,3
DA:30,6
DA:32,4
DA:33,11
DA:36,1
DA:37,1
DA:39,3
DA:45,1
DA:46,1
DA:47,2
DA:48,1
DA:84,0
DA:105,3
DA:106,3
DA:128,1
DA:129,4
DA:130,3
DA:133,4
DA:134,3
DA:138,0
DA:140,0
DA:141,0
DA:144,1
DA:146,2
DA:147,2
DA:148,1
DA:149,0
DA:150,0
DA:153,1
DA:158,1
DA:160,2
DA:161,3
DA:162,1
DA:163,0
DA:164,0
DA:167,2
DA:172,1
DA:174,2
DA:175,2
DA:176,2
DA:177,2
DA:178,1
DA:183,1
DA:185,2
DA:186,2
DA:187,2
DA:188,2
DA:189,3
DA:194,1
DA:197,2
DA:198,2
DA:199,1
DA:201,1
DA:204,3
DA:206,1
DA:209,2
DA:210,1
DA:214,2
DA:215,3
DA:220,1
DA:222,2
DA:223,2
DA:226,1
DA:227,2
DA:229,0
DA:230,0
DA:231,0
DA:232,0
DA:233,0
DA:235,0
DA:236,0
DA:240,0
DA:245,1
DA:246,1
DA:247,2
LF:79
LH:63
end_of_record
SF:lib/stage/stage.g.dart
DA:12,1
DA:13,2
DA:15,1
DA:17,2
DA:18,1
DA:21,1
DA:23,4
DA:24,1
DA:28,3
DA:30,1
DA:32,2
DA:33,1
DA:36,1
DA:38,4
DA:39,1
DA:43,3
DA:45,1
DA:47,2
DA:48,1
DA:51,1
DA:53,4
DA:54,1
DA:58,1
DA:59,2
DA:61,1
DA:63,2
DA:64,1
DA:67,1
DA:69,4
DA:70,1
DA:74,1
DA:75,2
DA:77,1
DA:79,2
DA:80,1
DA:83,0
DA:85,0
DA:86,0
DA:90,1
DA:91,2
DA:93,1
DA:95,1
DA:96,3
DA:99,1
DA:100,2
DA:102,1
DA:104,4
DA:107,1
DA:108,2
DA:110,1
DA:112,1
DA:113,3
DA:116,1
DA:117,2
DA:119,1
DA:121,1
DA:122,3
DA:125,1
DA:126,2
DA:128,1
DA:130,1
DA:131,3
DA:134,1
DA:135,2
DA:137,1
DA:139,1
DA:140,3
DA:143,0
DA:146,0
DA:147,0
DA:148,0
DA:149,0
DA:150,0
LF:73
LH:64
end_of_record
SF:lib/timer/timer.dart
DA:16,0
DA:18,0
DA:21,0
DA:26,0
DA:27,0
DA:30,0
DA:31,0
DA:32,0
DA:33,0
DA:39,0
DA:41,0
DA:42,0
DA:45,0
DA:47,0
DA:55,0
DA:57,0
DA:60,0
DA:63,0
DA:66,0
DA:68,0
DA:71,0
DA:72,0
DA:73,0
LF:23
LH:0
end_of_record
SF:lib/util/di.dart
DA:3,78
DA:4,78
DA:6,26
DA:7,52
LF:4
LH:4
end_of_record
SF:lib/util/tracer.dart
DA:9,104
DA:12,0
DA:14,0
DA:15,0
DA:18,26
DA:20,52
DA:43,26
DA:49,24
DA:50,26
DA:51,52
DA:54,26
DA:55,26
DA:57,25
DA:59,50
DA:60,25
DA:61,10
DA:62,20
DA:63,10
DA:66,75
DA:69,26
DA:71,26
DA:72,52
DA:73,3
DA:75,52
DA:76,26
DA:78,26
DA:79,25
DA:80,50
DA:81,25
DA:84,52
DA:87,9
DA:89,9
DA:90,18
DA:91,0
DA:93,18
DA:94,9
DA:95,9
DA:96,9
DA:98,9
DA:99,9
DA:100,18
DA:101,9
DA:104,18
DA:107,2
DA:109,2
DA:110,4
DA:111,0
DA:113,4
DA:114,2
DA:115,2
DA:116,2
DA:118,2
DA:119,2
DA:120,4
DA:121,2
DA:124,4
DA:127,14
DA:129,28
DA:132,0
DA:134,0
DA:137,15
DA:139,30
DA:140,30
DA:141,30
DA:155,26
DA:157,52
DA:158,104
DA:162,26
DA:164,52
DA:165,70
DA:168,104
DA:169,78
DA:170,26
DA:171,0
DA:172,0
DA:173,0
DA:174,0
DA:175,0
DA:177,26
DA:178,26
DA:179,48
DA:180,24
DA:181,104
DA:184,52
DA:185,12
DA:186,2
DA:187,6
DA:188,2
DA:189,4
DA:190,4
DA:192,52
DA:193,54
DA:194,9
DA:195,27
DA:196,18
DA:201,15
DA:203,75
DA:204,15
DA:205,0
DA:209,26
DA:210,52
DA:211,100
DA:214,10
DA:215,10
DA:216,30
DA:217,0
DA:219,20
DA:223,10
DA:225,10
DA:226,10
DA:227,0
DA:228,0
DA:235,78
DA:236,26
DA:237,104
DA:238,130
DA:248,0
DA:252,0
DA:253,0
DA:256,0
DA:258,0
DA:259,0
DA:261,0
DA:262,0
DA:263,0
DA:265,0
DA:270,0
DA:272,0
DA:275,0
DA:280,0
DA:281,0
DA:282,0
DA:285,0
DA:286,0
DA:287,0
DA:289,0
DA:290,0
DA:291,0
DA:296,0
DA:298,0
DA:299,0
DA:301,0
DA:302,0
DA:304,0
DA:306,0
DA:307,0
DA:308,0
DA:310,0
DA:311,0
DA:315,0
DA:316,0
DA:317,0
DA:318,0
DA:319,0
DA:320,0
DA:321,0
DA:322,0
DA:323,0
DA:324,0
DA:325,0
DA:326,0
DA:327,0
DA:328,0
DA:329,0
DA:331,0
DA:334,0
DA:335,0
DA:336,0
DA:337,0
DA:374,0
DA:377,0
DA:378,0
DA:379,0
DA:388,0
DA:389,0
DA:392,0
DA:394,0
DA:395,0
DA:398,0
DA:400,0
DA:401,0
DA:404,0
DA:406,0
DA:421,0
DA:433,0
DA:434,0
DA:435,0
DA:436,0
DA:437,0
DA:438,0
DA:439,0
DA:440,0
DA:441,0
DA:442,0
DA:445,0
DA:453,0
DA:455,0
DA:456,0
DA:457,0
LF:199
LH:100
end_of_record
SF:lib/util/config.dart
DA:6,1
DA:7,1
DA:8,1
DA:9,1
DA:11,1
DA:12,1
DA:13,1
DA:18,0
DA:20,0
DA:21,0
DA:25,18
LF:11
LH:8
end_of_record
SF:lib/util/mobx.dart
DA:6,12
DA:16,12
DA:18,0
DA:20,12
LF:4
LH:3
end_of_record
SF:lib/http/http.dart
DA:13,0
DA:15,0
DA:17,0
DA:20,0
DA:21,0
DA:40,3
DA:42,1
DA:44,2
DA:45,1
DA:46,2
DA:50,1
DA:53,2
DA:54,1
DA:55,1
DA:56,1
DA:57,3
DA:70,1
DA:76,0
DA:78,0
DA:79,0
DA:82,1
DA:84,4
DA:87,1
DA:90,1
DA:91,3
DA:94,1
DA:98,1
DA:99,1
DA:100,0
DA:101,0
DA:102,0
DA:103,0
DA:107,1
DA:108,2
DA:109,1
DA:110,1
DA:111,3
LF:37
LH:25
end_of_record
SF:lib/json/json.dart
DA:7,6
DA:9,0
DA:11,0
LF:3
LH:1
end_of_record
SF:lib/persistence/channel.pg.dart
DA:17,0
DA:23,0
DA:24,0
DA:26,0
DA:28,0
DA:30,0
DA:34,0
DA:35,0
DA:36,0
DA:37,0
DA:38,0
DA:45,0
DA:46,0
DA:48,0
DA:50,0
DA:52,0
DA:56,0
DA:57,0
DA:58,0
DA:59,0
DA:60,0
DA:62,0
DA:63,0
DA:68,0
DA:72,0
DA:73,0
DA:75,0
DA:77,0
DA:79,0
DA:83,0
DA:84,0
DA:85,0
DA:86,0
DA:87,0
LF:34
LH:0
end_of_record
SF:lib/persistence/persistence.dart
DA:32,0
DA:34,0
DA:36,0
DA:37,0
DA:38,0
DA:43,0
DA:45,0
DA:46,0
DA:47,0
DA:48,0
DA:49,0
DA:50,0
DA:55,0
DA:58,0
DA:59,0
DA:60,0
DA:61,0
DA:62,0
DA:68,0
DA:70,0
DA:71,0
DA:72,0
DA:73,0
DA:74,0
DA:78,0
DA:80,0
DA:81,0
DA:82,0
DA:83,0
DA:84,0
DA:88,0
DA:90,0
DA:91,0
DA:92,0
DA:93,0
DA:94,0
LF:36
LH:0
end_of_record
SF:lib/plus/gateway/channel.pg.dart
DA:12,1
DA:39,0
DA:40,0
DA:41,0
DA:42,0
DA:43,0
DA:44,0
DA:45,0
DA:46,0
DA:47,0
DA:48,0
DA:52,0
DA:54,0
DA:55,0
DA:56,0
DA:57,0
DA:58,0
DA:59,0
DA:60,0
DA:61,0
DA:62,0
DA:68,22
DA:69,0
DA:71,0
DA:72,0
DA:73,0
DA:75,0
DA:79,0
DA:82,0
DA:83,0
DA:85,0
DA:94,0
DA:100,0
DA:101,0
DA:103,0
DA:105,0
DA:107,0
DA:111,0
DA:112,0
DA:113,0
DA:114,0
DA:115,0
DA:122,0
DA:123,0
DA:125,0
DA:127,0
DA:129,0
DA:133,0
DA:134,0
DA:135,0
DA:136,0
DA:137,0
LF:52
LH:2
end_of_record
SF:lib/plus/gateway/gateway.g.dart
DA:12,1
DA:13,2
DA:15,1
DA:17,2
DA:18,1
DA:21,1
DA:23,4
DA:24,1
DA:28,1
DA:29,2
DA:31,1
DA:33,2
DA:34,1
DA:37,1
DA:39,4
DA:40,1
DA:44,1
DA:45,2
DA:47,1
DA:49,2
DA:50,1
DA:53,1
DA:55,4
DA:56,1
DA:60,1
DA:61,2
DA:63,1
DA:65,4
DA:68,1
DA:69,2
DA:71,1
DA:73,4
DA:76,1
DA:77,2
DA:79,1
DA:81,1
DA:82,3
DA:85,0
DA:88,0
DA:89,0
DA:90,0
DA:91,0
LF:42
LH:37
end_of_record
SF:lib/plus/gateway/gateway.dart
DA:15,0
DA:16,0
DA:17,0
DA:18,0
DA:22,2
DA:23,1
DA:24,1
DA:25,1
DA:26,1
DA:27,1
DA:28,1
DA:29,1
DA:30,1
DA:41,3
DA:42,3
DA:43,3
DA:45,1
DA:46,4
DA:47,3
DA:50,4
DA:51,3
DA:55,0
DA:57,0
DA:58,0
DA:59,0
DA:71,1
DA:73,2
DA:74,2
DA:75,5
DA:76,2
DA:80,1
DA:82,2
DA:83,2
DA:84,6
DA:85,2
DA:89,1
DA:91,2
DA:93,1
DA:94,2
DA:99,5
DA:100,1
DA:101,2
DA:102,2
DA:103,1
DA:104,2
LF:45
LH:37
end_of_record
SF:lib/plus/gateway/json.dart
DA:11,0
DA:13,1
DA:15,2
DA:16,3
DA:17,3
DA:19,1
DA:20,0
DA:21,1
DA:22,1
DA:39,1
DA:52,1
DA:54,2
DA:55,2
DA:56,2
DA:57,2
DA:58,2
DA:59,2
DA:60,2
DA:62,2
DA:63,2
DA:64,0
DA:65,0
DA:69,0
DA:70,0
DA:71,0
DA:72,0
DA:73,0
DA:74,0
DA:75,0
DA:76,0
DA:77,0
DA:79,0
DA:80,0
DA:86,3
DA:88,1
DA:89,3
DA:90,3
LF:37
LH:22
end_of_record
SF:lib/plus/lease/channel.pg.dart
DA:12,2
DA:36,0
DA:37,0
DA:38,0
DA:39,0
DA:40,0
DA:41,0
DA:42,0
DA:43,0
DA:44,0
DA:48,0
DA:50,0
DA:51,0
DA:52,0
DA:53,0
DA:54,0
DA:55,0
DA:56,0
DA:57,0
DA:63,22
DA:64,0
DA:66,0
DA:67,0
DA:68,0
DA:69,0
DA:70,0
DA:71,0
DA:73,0
DA:77,0
DA:80,0
DA:81,0
DA:82,0
DA:83,0
DA:85,0
DA:94,0
DA:100,0
DA:101,0
DA:103,0
DA:105,0
DA:107,0
DA:111,0
DA:112,0
DA:113,0
DA:114,0
DA:115,0
DA:122,0
DA:123,0
DA:125,0
DA:127,0
DA:129,0
DA:133,0
DA:134,0
DA:135,0
DA:136,0
DA:137,0
DA:146,22
DA:147,0
DA:149,0
DA:150,0
DA:151,0
DA:153,0
DA:157,0
DA:160,0
DA:161,0
DA:163,0
DA:175,0
DA:177,0
DA:181,0
DA:183,0
DA:184,0
DA:187,0
DA:188,0
DA:190,0
DA:196,0
DA:200,0
DA:202,0
DA:203,0
DA:206,0
DA:207,0
DA:209,0
LF:80
LH:3
end_of_record
SF:lib/plus/lease/json.dart
DA:15,0
DA:17,1
DA:19,2
DA:20,3
DA:21,3
DA:23,1
DA:24,0
DA:25,1
DA:26,1
DA:40,2
DA:50,1
DA:52,2
DA:53,2
DA:54,2
DA:55,2
DA:56,2
DA:57,2
DA:58,2
DA:59,0
DA:60,0
DA:71,1
DA:78,0
DA:79,0
DA:80,0
DA:81,0
DA:82,0
DA:87,3
DA:88,3
DA:90,1
DA:91,2
DA:92,3
DA:93,3
DA:96,0
DA:98,0
DA:99,0
DA:100,0
DA:102,0
DA:104,0
DA:105,0
DA:106,0
DA:107,0
DA:108,0
DA:109,0
DA:110,0
DA:117,0
DA:118,0
DA:119,0
DA:120,0
DA:123,0
DA:124,0
DA:127,0
DA:128,0
DA:129,0
LF:53
LH:23
end_of_record
SF:lib/plus/lease/lease.g.dart
DA:12,1
DA:13,2
DA:15,1
DA:17,2
DA:18,1
DA:21,1
DA:23,4
DA:24,1
DA:28,1
DA:29,2
DA:31,1
DA:33,2
DA:34,1
DA:37,1
DA:39,4
DA:40,1
DA:44,1
DA:45,2
DA:47,1
DA:49,2
DA:50,1
DA:53,1
DA:55,4
DA:56,1
DA:60,1
DA:61,2
DA:63,1
DA:65,2
DA:66,1
DA:69,1
DA:71,4
DA:72,1
DA:76,1
DA:77,2
DA:79,1
DA:81,4
DA:84,1
DA:85,2
DA:87,1
DA:89,1
DA:90,3
DA:93,1
DA:94,2
DA:96,1
DA:98,1
DA:99,3
DA:102,1
DA:103,2
DA:105,1
DA:107,1
DA:108,3
DA:111,0
DA:114,0
DA:115,0
DA:116,0
DA:117,0
DA:118,0
LF:57
LH:51
end_of_record
SF:lib/plus/lease/lease.dart
DA:17,4
DA:18,2
DA:19,2
DA:20,2
DA:21,2
DA:22,2
DA:23,2
DA:24,2
DA:33,3
DA:34,3
DA:35,3
DA:36,3
DA:37,3
DA:39,1
DA:40,4
DA:41,3
DA:44,4
DA:45,3
DA:49,0
DA:51,0
DA:52,0
DA:53,0
DA:68,1
DA:70,2
DA:71,2
DA:72,5
DA:73,2
DA:76,1
DA:77,1
DA:80,3
DA:81,0
DA:82,0
DA:83,0
DA:86,2
DA:88,2
DA:92,1
DA:94,2
DA:96,2
DA:97,1
DA:98,1
DA:99,1
DA:101,1
DA:105,7
DA:106,2
DA:108,1
DA:109,1
DA:110,1
DA:111,1
DA:114,2
DA:115,0
DA:116,0
DA:117,0
DA:119,0
DA:120,1
DA:128,1
DA:130,2
DA:132,2
DA:134,1
DA:135,1
DA:136,1
DA:137,1
DA:140,1
DA:144,1
DA:147,2
DA:148,1
DA:150,6
DA:152,1
DA:153,1
DA:154,1
DA:159,0
DA:161,1
DA:162,1
DA:163,6
LF:73
LH:61
end_of_record
SF:lib/app/app.dart
DA:12,0
DA:13,0
DA:16,0
DA:17,0
DA:20,0
DA:21,0
DA:37,1
DA:50,1
DA:62,1
DA:63,1
DA:64,1
DA:65,1
DA:66,1
DA:67,1
DA:68,1
DA:69,1
DA:70,1
DA:71,1
DA:72,1
DA:76,1
DA:77,1
DA:79,1
DA:81,1
DA:83,1
DA:84,0
DA:85,3
DA:86,1
DA:92,1
DA:94,11
DA:101,3
DA:102,3
DA:104,1
DA:105,4
DA:106,2
DA:110,0
DA:112,0
DA:113,0
DA:121,1
DA:123,2
DA:124,2
DA:125,3
DA:128,3
DA:129,1
DA:133,1
DA:135,2
DA:136,2
DA:137,3
DA:140,3
DA:141,1
DA:145,1
DA:147,2
DA:148,3
DA:149,1
DA:153,1
DA:155,2
DA:156,3
DA:157,1
DA:161,1
DA:164,2
DA:165,3
DA:167,1
DA:171,1
DA:173,2
DA:174,3
DA:175,1
DA:176,1
DA:177,2
DA:178,2
DA:182,0
DA:184,0
DA:185,0
DA:186,0
DA:187,0
DA:188,0
DA:189,0
DA:193,0
DA:195,0
DA:196,0
DA:197,0
DA:201,1
DA:202,3
DA:203,2
LF:82
LH:61
end_of_record
SF:lib/app/app.g.dart
DA:12,3
DA:14,1
DA:16,2
DA:17,1
DA:20,1
DA:22,4
DA:23,1
DA:27,1
DA:28,2
DA:30,1
DA:32,4
DA:35,1
DA:36,2
DA:38,1
DA:40,1
DA:41,3
DA:44,1
DA:45,2
DA:47,1
DA:49,1
DA:50,3
DA:53,1
DA:54,2
DA:56,1
DA:58,1
DA:59,3
DA:62,1
DA:63,2
DA:65,1
DA:68,3
DA:69,1
DA:72,1
DA:73,2
DA:75,1
DA:77,1
DA:78,3
DA:84,0
DA:86,0
DA:87,0
DA:93,0
DA:95,0
DA:96,0
DA:99,0
DA:102,0
DA:103,0
LF:45
LH:36
end_of_record
SF:lib/app/channel.pg.dart
DA:25,0
DA:31,0
DA:32,0
DA:34,0
DA:36,0
DA:38,0
DA:42,0
DA:43,0
DA:44,0
DA:45,0
DA:46,0
LF:11
LH:0
end_of_record
SF:lib/plus/channel.pg.dart
DA:15,0
DA:21,0
DA:22,0
DA:24,0
DA:26,0
DA:28,0
DA:32,0
DA:33,0
DA:34,0
DA:35,0
DA:36,0
DA:53,0
DA:55,0
DA:59,0
DA:61,0
DA:62,0
DA:65,0
DA:66,0
DA:68,0
DA:74,0
DA:78,0
DA:80,0
DA:82,0
DA:88,0
DA:92,0
DA:94,0
DA:95,0
DA:98,0
DA:99,0
DA:101,0
LF:30
LH:0
end_of_record
SF:lib/plus/keypair/channel.pg.dart
DA:12,1
DA:21,0
DA:22,0
DA:23,0
DA:24,0
DA:28,0
DA:30,0
DA:31,0
DA:32,0
DA:38,18
DA:39,0
DA:41,0
DA:42,0
DA:43,0
DA:45,0
DA:49,0
DA:52,0
DA:53,0
DA:55,0
DA:64,0
DA:70,0
DA:71,0
DA:73,0
DA:75,0
DA:77,0
DA:81,0
DA:82,0
DA:83,0
DA:84,0
DA:85,0
DA:87,0
DA:88,0
DA:93,0
LF:33
LH:2
end_of_record
SF:lib/plus/keypair/keypair.dart
DA:15,2
DA:16,1
DA:17,1
DA:24,3
DA:25,3
DA:26,3
DA:27,3
DA:29,0
DA:31,0
DA:32,0
DA:38,1
DA:40,2
DA:42,2
DA:43,1
DA:44,1
DA:45,1
DA:47,1
DA:48,3
DA:49,1
DA:50,1
DA:51,1
DA:56,1
DA:58,2
DA:59,2
DA:60,1
DA:61,3
DA:62,3
DA:63,1
DA:64,2
DA:68,1
DA:69,2
DA:70,0
DA:72,2
DA:73,0
LF:34
LH:29
end_of_record
SF:lib/plus/keypair/keypair.g.dart
DA:12,1
DA:13,2
DA:15,1
DA:17,2
DA:18,1
DA:21,1
DA:23,4
DA:24,1
DA:28,1
DA:29,2
DA:31,1
DA:33,4
DA:36,1
DA:37,2
DA:39,1
DA:41,4
DA:44,0
DA:47,0
DA:48,0
LF:19
LH:16
end_of_record
SF:lib/plus/plus.g.dart
DA:12,1
DA:13,2
DA:15,1
DA:17,2
DA:18,1
DA:21,1
DA:23,4
DA:24,1
DA:28,1
DA:29,2
DA:31,1
DA:33,4
DA:36,1
DA:37,2
DA:39,1
DA:41,4
DA:44,1
DA:45,2
DA:47,1
DA:49,4
DA:52,1
DA:53,2
DA:55,1
DA:58,3
DA:59,1
DA:65,0
DA:67,0
DA:68,0
DA:71,0
DA:74,0
DA:75,0
LF:31
LH:25
end_of_record
SF:lib/plus/plus.dart
DA:20,3
DA:21,3
DA:22,3
DA:23,3
DA:24,3
DA:26,1
DA:27,4
DA:28,2
DA:32,0
DA:34,0
DA:40,1
DA:42,2
DA:43,4
DA:47,1
DA:49,2
DA:51,2
DA:53,2
DA:54,1
DA:55,0
DA:61,1
DA:63,2
DA:64,2
DA:65,1
DA:66,2
DA:68,2
DA:73,1
DA:76,2
DA:79,2
DA:83,1
DA:84,1
DA:87,2
DA:90,2
DA:91,2
DA:94,1
DA:96,1
DA:97,1
DA:98,2
DA:104,0
DA:106,0
DA:107,0
DA:109,0
DA:110,0
DA:111,0
DA:113,0
DA:115,0
DA:118,0
DA:120,0
DA:121,0
DA:123,0
DA:125,0
DA:132,0
DA:134,1
DA:135,3
LF:53
LH:36
end_of_record
SF:lib/plus/vpn/vpn.g.dart
DA:12,1
DA:13,2
DA:15,1
DA:17,2
DA:18,1
DA:21,1
DA:23,4
DA:24,1
DA:28,1
DA:29,2
DA:31,1
DA:33,2
DA:34,1
DA:37,1
DA:39,4
DA:40,1
DA:44,1
DA:45,2
DA:47,1
DA:49,2
DA:50,1
DA:53,1
DA:55,4
DA:56,1
DA:60,1
DA:61,2
DA:63,1
DA:65,2
DA:66,1
DA:69,1
DA:71,4
DA:72,1
DA:76,1
DA:77,2
DA:79,1
DA:81,1
DA:82,3
DA:85,1
DA:86,2
DA:88,1
DA:90,1
DA:91,3
DA:94,1
DA:95,2
DA:97,1
DA:99,1
DA:100,3
DA:103,0
DA:106,0
DA:107,0
DA:108,0
DA:109,0
DA:110,0
LF:53
LH:47
end_of_record
SF:lib/plus/vpn/vpn.dart
DA:22,1
DA:23,1
DA:24,1
DA:25,1
DA:26,0
DA:30,1
DA:32,1
DA:34,1
DA:36,1
DA:38,1
DA:40,0
DA:49,1
DA:50,3
DA:51,3
DA:52,3
DA:53,0
DA:54,0
DA:55,0
DA:56,0
DA:57,0
DA:58,0
DA:67,3
DA:68,3
DA:70,1
DA:71,1
DA:74,0
DA:76,0
DA:77,0
DA:92,1
DA:94,2
DA:95,3
DA:99,1
DA:100,2
DA:101,1
DA:106,1
DA:107,2
DA:108,1
DA:109,1
DA:110,1
DA:111,1
DA:117,1
DA:119,2
DA:120,1
DA:121,2
DA:122,1
DA:127,1
DA:128,2
DA:129,1
DA:131,1
DA:132,1
DA:138,1
DA:140,2
DA:141,1
DA:142,2
DA:144,1
DA:145,2
DA:150,3
DA:151,2
DA:152,1
DA:155,3
DA:156,3
DA:157,1
DA:162,0
DA:164,1
DA:165,6
DA:168,1
DA:169,2
DA:172,1
DA:173,2
DA:175,0
DA:176,0
DA:178,0
DA:179,0
LF:73
LH:57
end_of_record
SF:lib/plus/vpn/channel.pg.dart
DA:12,1
DA:42,0
DA:43,0
DA:44,0
DA:45,0
DA:46,0
DA:47,0
DA:48,0
DA:49,0
DA:50,0
DA:51,0
DA:52,0
DA:56,0
DA:58,0
DA:59,0
DA:60,0
DA:61,0
DA:62,0
DA:63,0
DA:64,0
DA:65,0
DA:66,0
DA:67,0
DA:73,18
DA:74,0
DA:76,0
DA:77,0
DA:78,0
DA:80,0
DA:84,0
DA:87,0
DA:88,0
DA:90,0
DA:99,0
DA:105,0
DA:106,0
DA:108,0
DA:110,0
DA:112,0
DA:116,0
DA:117,0
DA:118,0
DA:119,0
DA:120,0
DA:127,0
DA:128,0
DA:130,0
DA:132,0
DA:134,0
DA:138,0
DA:139,0
DA:140,0
DA:141,0
DA:142,0
DA:155,0
DA:157,0
DA:161,0
DA:163,0
DA:164,0
DA:167,0
DA:168,0
DA:170,0
LF:62
LH:2
end_of_record
SF:lib/custom/channel.pg.dart
DA:15,0
DA:21,0
DA:22,0
DA:24,0
DA:26,0
DA:28,0
DA:32,0
DA:33,0
DA:34,0
DA:35,0
DA:36,0
DA:43,0
DA:44,0
DA:46,0
DA:48,0
DA:50,0
DA:54,0
DA:55,0
DA:56,0
DA:57,0
DA:58,0
DA:75,0
DA:77,0
DA:81,0
DA:83,0
DA:84,0
DA:87,0
DA:88,0
DA:90,0
DA:96,0
DA:100,0
DA:102,0
DA:103,0
DA:106,0
DA:107,0
DA:109,0
DA:115,0
DA:119,0
DA:121,0
DA:122,0
DA:125,0
DA:126,0
DA:128,0
LF:43
LH:0
end_of_record
SF:lib/custom/custom.g.dart
DA:12,1
DA:13,2
DA:15,1
DA:17,2
DA:18,1
DA:21,1
DA:23,4
DA:24,1
DA:28,1
DA:29,2
DA:31,1
DA:33,2
DA:34,1
DA:37,1
DA:39,4
DA:40,1
DA:44,1
DA:45,2
DA:47,1
DA:49,2
DA:50,1
DA:53,1
DA:55,4
DA:56,1
DA:60,1
DA:61,2
DA:63,1
DA:65,4
DA:68,1
DA:69,2
DA:71,1
DA:73,4
DA:76,1
DA:77,2
DA:79,1
DA:81,4
DA:84,1
DA:85,2
DA:87,1
DA:89,4
DA:92,1
DA:93,2
DA:95,1
DA:97,1
DA:98,3
DA:101,0
DA:104,0
DA:105,0
DA:106,0
DA:107,0
LF:50
LH:45
end_of_record
SF:lib/custom/custom.dart
DA:16,3
DA:17,3
DA:18,3
DA:20,1
DA:21,4
DA:22,2
DA:25,4
DA:26,2
DA:30,0
DA:32,0
DA:33,0
DA:34,0
DA:46,1
DA:48,2
DA:49,2
DA:50,1
DA:51,4
DA:52,3
DA:53,1
DA:54,2
DA:56,1
DA:57,6
DA:58,3
DA:59,1
DA:60,2
DA:62,3
DA:63,3
DA:67,1
DA:69,2
DA:70,2
DA:71,1
DA:72,1
DA:76,1
DA:78,2
DA:79,2
DA:80,1
DA:81,1
DA:85,1
DA:87,2
DA:88,2
DA:89,1
DA:90,1
DA:94,1
DA:96,2
DA:97,2
DA:101,3
DA:105,1
DA:106,6
DA:108,1
DA:109,1
DA:110,1
LF:51
LH:47
end_of_record
SF:lib/custom/json.dart
DA:12,0
DA:14,1
DA:16,2
DA:17,3
DA:18,3
DA:20,1
DA:21,0
DA:22,1
DA:23,1
DA:32,1
DA:34,1
DA:36,2
DA:37,2
DA:38,0
DA:39,0
DA:49,0
DA:52,0
DA:53,0
DA:55,0
DA:56,0
DA:57,0
DA:58,0
DA:59,0
DA:65,3
DA:66,3
DA:68,1
DA:69,2
DA:70,3
DA:71,3
DA:74,0
DA:76,0
DA:77,0
DA:78,0
DA:81,0
DA:83,0
DA:84,0
DA:85,0
LF:37
LH:17
end_of_record
SF:lib/env/channel.pg.dart
DA:12,0
DA:39,0
DA:40,0
DA:41,0
DA:42,0
DA:43,0
DA:44,0
DA:45,0
DA:46,0
DA:47,0
DA:48,0
DA:52,0
DA:54,0
DA:55,0
DA:56,0
DA:57,0
DA:58,0
DA:59,0
DA:60,0
DA:61,0
DA:62,0
DA:68,28
DA:69,0
DA:71,0
DA:72,0
DA:73,0
DA:75,0
DA:79,0
DA:82,0
DA:83,0
DA:85,0
DA:94,0
DA:100,0
DA:101,0
DA:103,0
DA:105,0
DA:107,0
DA:111,0
DA:112,0
DA:113,0
DA:114,0
DA:115,0
DA:117,0
DA:118,0
DA:123,0
DA:127,0
DA:128,0
DA:130,0
DA:132,0
DA:134,0
DA:138,0
DA:139,0
DA:140,0
DA:141,0
DA:142,0
DA:144,0
DA:145,0
DA:150,0
LF:58
LH:1
end_of_record
SF:lib/http/channel.pg.dart
DA:17,0
DA:23,0
DA:24,0
DA:26,0
DA:28,0
DA:30,0
DA:34,0
DA:35,0
DA:36,0
DA:37,0
DA:38,0
DA:40,0
DA:41,0
DA:46,0
DA:50,0
DA:51,0
DA:53,0
DA:55,0
DA:57,0
DA:61,0
DA:62,0
DA:63,0
DA:64,0
DA:65,0
DA:67,0
DA:68,0
DA:73,0
LF:27
LH:0
end_of_record
SF:lib/stage/channel.pg.dart
DA:15,0
DA:21,0
DA:22,0
DA:24,0
DA:26,0
DA:28,0
DA:32,0
DA:33,0
DA:34,0
DA:35,0
DA:36,0
DA:43,0
DA:44,0
DA:46,0
DA:48,0
DA:50,0
DA:54,0
DA:55,0
DA:56,0
DA:57,0
DA:58,0
DA:79,0
DA:81,0
DA:85,0
DA:87,0
DA:88,0
DA:91,0
DA:92,0
DA:94,0
DA:100,0
DA:104,0
DA:106,0
DA:107,0
DA:110,0
DA:111,0
DA:113,0
DA:119,0
DA:123,0
DA:125,0
DA:126,0
DA:129,0
DA:130,0
DA:132,0
DA:138,0
DA:142,0
DA:144,0
DA:146,0
DA:152,0
DA:156,0
DA:158,0
DA:160,0
LF:51
LH:0
end_of_record
SF:lib/account/account.g.dart
DA:12,2
DA:13,4
DA:15,2
DA:17,4
DA:18,2
DA:21,1
DA:23,4
DA:24,1
DA:28,1
DA:29,2
DA:31,1
DA:33,4
DA:36,1
DA:37,2
DA:39,1
DA:41,4
DA:44,1
DA:45,2
DA:47,1
DA:49,4
DA:52,1
DA:53,2
DA:55,1
DA:57,4
DA:60,1
DA:61,2
DA:63,1
DA:65,1
DA:66,3
DA:69,1
DA:70,2
DA:72,1
DA:74,1
DA:75,3
DA:78,0
DA:81,0
DA:82,0
LF:37
LH:34
end_of_record
SF:lib/account/account.dart
DA:32,2
DA:33,4
DA:35,4
DA:37,1
DA:38,2
DA:49,1
DA:50,1
DA:53,1
DA:54,1
DA:55,2
DA:60,1
DA:61,1
DA:62,1
DA:63,2
DA:64,2
DA:65,2
DA:66,2
DA:78,3
DA:79,3
DA:80,3
DA:82,2
DA:83,7
DA:85,3
DA:90,0
DA:92,0
DA:93,0
DA:94,0
DA:100,1
DA:102,2
DA:103,2
DA:104,1
DA:105,2
DA:106,3
DA:110,1
DA:112,2
DA:113,2
DA:114,3
DA:115,3
DA:119,1
DA:121,2
DA:122,1
DA:123,1
DA:125,4
DA:126,3
DA:127,3
DA:131,1
DA:133,2
DA:134,1
DA:135,1
DA:136,2
DA:137,3
DA:138,3
DA:142,1
DA:144,2
DA:145,2
DA:146,3
DA:147,3
DA:151,1
DA:153,2
DA:154,1
DA:155,2
DA:156,2
DA:158,1
DA:161,3
DA:162,3
DA:166,0
DA:167,0
DA:170,1
DA:171,4
DA:174,1
DA:175,2
LF:71
LH:65
end_of_record
SF:lib/account/refresh/refresh.dart
DA:36,1
DA:41,1
DA:42,1
DA:44,1
DA:47,1
DA:48,1
DA:49,1
DA:53,4
DA:54,4
DA:56,1
DA:63,1
DA:65,0
DA:70,1
DA:73,1
DA:74,1
DA:75,1
DA:78,1
DA:79,2
DA:80,0
DA:81,2
DA:82,1
DA:94,3
DA:95,3
DA:96,3
DA:97,3
DA:98,3
DA:100,1
DA:101,3
DA:104,0
DA:106,0
DA:120,1
DA:124,2
DA:125,1
DA:126,2
DA:127,2
DA:128,3
DA:129,2
DA:130,1
DA:131,1
DA:132,1
DA:133,2
DA:134,3
DA:135,2
DA:140,1
DA:142,2
DA:145,2
DA:147,3
DA:148,3
DA:149,1
DA:152,3
DA:153,0
DA:155,2
DA:157,4
DA:158,0
DA:160,2
DA:162,2
DA:166,1
DA:168,2
DA:169,1
DA:170,0
DA:174,2
DA:179,3
DA:180,6
DA:181,2
DA:182,3
DA:183,2
DA:184,1
DA:187,3
DA:188,1
DA:194,1
DA:196,2
DA:197,1
DA:198,3
DA:201,2
DA:202,3
DA:203,2
DA:204,0
DA:207,0
DA:208,0
DA:213,1
DA:215,2
DA:216,3
DA:220,1
DA:221,2
DA:223,2
DA:224,1
DA:226,2
DA:227,2
DA:228,1
DA:229,3
DA:231,2
DA:232,1
DA:234,2
DA:235,1
DA:236,1
LF:95
LH:85
end_of_record
SF:lib/account/refresh/refresh.g.dart
DA:12,1
DA:13,2
DA:15,1
DA:17,2
DA:18,1
DA:21,1
DA:23,4
DA:24,1
DA:28,1
DA:29,2
DA:31,1
DA:33,2
DA:34,1
DA:37,1
DA:39,4
DA:40,1
DA:44,1
DA:45,2
DA:47,1
DA:49,4
DA:52,1
DA:53,2
DA:55,1
DA:57,1
DA:58,3
DA:61,1
DA:62,2
DA:64,1
DA:66,1
DA:67,3
DA:70,1
DA:71,2
DA:73,1
DA:75,4
DA:78,1
DA:79,2
DA:81,1
DA:83,1
DA:84,3
DA:87,0
DA:90,0
DA:91,0
DA:92,0
LF:43
LH:39
end_of_record
SF:lib/app/pause/channel.pg.dart
DA:15,0
DA:21,0
DA:22,0
DA:24,0
DA:26,0
DA:28,0
DA:32,0
DA:33,0
DA:34,0
DA:35,0
DA:36,0
DA:53,0
DA:55,0
DA:59,0
DA:61,0
DA:62,0
DA:65,0
DA:66,0
DA:68,0
DA:74,0
DA:78,0
DA:80,0
DA:82,0
DA:88,0
DA:92,0
DA:94,0
DA:96,0
LF:27
LH:0
end_of_record
SF:lib/app/pause/pause.g.dart
DA:12,1
DA:13,2
DA:15,0
DA:17,0
DA:18,0
DA:21,1
DA:23,4
DA:24,1
DA:28,1
DA:29,2
DA:31,1
DA:33,2
DA:34,1
DA:37,1
DA:39,4
DA:40,1
DA:44,1
DA:45,2
DA:47,1
DA:49,1
DA:50,3
DA:53,1
DA:54,2
DA:56,1
DA:58,1
DA:59,3
DA:62,1
DA:63,2
DA:65,1
DA:67,4
DA:73,0
DA:75,0
DA:78,0
DA:81,0
DA:82,0
DA:83,0
LF:36
LH:27
end_of_record
SF:lib/app/pause/pause.dart
DA:27,3
DA:28,3
DA:29,3
DA:30,3
DA:31,3
DA:32,3
DA:33,3
DA:35,1
DA:36,3
DA:38,4
DA:39,3
DA:40,2
DA:43,4
DA:45,0
DA:46,0
DA:47,0
DA:48,0
DA:53,0
DA:55,0
DA:56,0
DA:65,1
DA:67,2
DA:68,2
DA:69,1
DA:70,1
DA:71,2
DA:72,2
DA:73,2
DA:74,1
DA:75,1
DA:76,0
DA:77,0
DA:78,0
DA:79,0
DA:80,0
DA:84,1
DA:86,2
DA:87,2
DA:88,1
DA:89,1
DA:90,2
DA:91,2
DA:92,1
DA:93,0
DA:94,0
DA:95,0
DA:96,0
DA:97,0
DA:101,1
DA:103,2
DA:105,2
DA:106,1
DA:107,1
DA:108,2
DA:109,2
DA:110,1
DA:111,1
DA:112,2
DA:113,2
DA:114,1
DA:115,2
DA:116,2
DA:121,0
DA:123,0
DA:124,0
DA:125,0
DA:127,0
DA:132,1
DA:133,2
DA:136,1
DA:137,3
DA:138,1
DA:139,4
DA:140,1
DA:141,3
DA:142,0
DA:143,0
DA:145,2
LF:78
LH:54
end_of_record
SF:lib/device/device.g.dart
DA:12,2
DA:13,4
DA:15,2
DA:17,4
DA:18,2
DA:21,1
DA:23,4
DA:24,1
DA:28,2
DA:29,4
DA:31,2
DA:33,4
DA:34,2
DA:37,1
DA:39,4
DA:40,1
DA:44,1
DA:45,2
DA:47,1
DA:49,2
DA:50,1
DA:53,1
DA:55,4
DA:56,1
DA:60,2
DA:61,4
DA:63,2
DA:65,4
DA:66,2
DA:69,1
DA:71,4
DA:72,1
DA:79,0
DA:81,0
DA:82,0
DA:85,0
DA:87,0
DA:88,0
DA:92,1
DA:93,2
DA:95,1
DA:97,4
DA:100,1
DA:101,2
DA:103,1
DA:105,1
DA:106,3
DA:109,1
DA:110,2
DA:112,1
DA:114,1
DA:115,3
DA:118,1
DA:119,2
DA:121,1
DA:123,4
DA:129,0
DA:131,0
DA:132,0
DA:135,0
DA:138,0
DA:139,0
DA:140,0
DA:141,0
DA:142,0
DA:143,0
LF:66
LH:50
end_of_record
SF:lib/device/device.dart
DA:17,0
DA:18,0
DA:25,3
DA:26,3
DA:27,3
DA:30,2
DA:31,7
DA:32,2
DA:35,7
DA:37,2
DA:41,7
DA:43,2
DA:48,0
DA:50,0
DA:51,0
DA:52,0
DA:72,1
DA:74,2
DA:75,2
DA:77,2
DA:78,2
DA:79,2
DA:80,2
DA:81,2
DA:83,2
DA:87,1
DA:89,2
DA:90,2
DA:91,1
DA:95,1
DA:98,2
DA:99,1
DA:100,2
DA:101,1
DA:105,1
DA:107,2
DA:108,1
DA:109,2
DA:110,1
DA:114,0
DA:117,0
DA:118,0
DA:123,0
DA:127,0
DA:129,0
DA:131,0
DA:132,0
DA:133,0
LF:48
LH:33
end_of_record
SF:lib/perm/perm.g.dart
DA:12,2
DA:13,4
DA:15,1
DA:17,2
DA:18,1
DA:21,2
DA:23,8
DA:24,2
DA:28,1
DA:29,2
DA:31,1
DA:33,2
DA:34,1
DA:37,1
DA:39,1
DA:40,3
DA:41,1
DA:48,0
DA:50,0
DA:51,0
DA:54,0
DA:56,0
DA:57,0
DA:64,0
DA:66,0
DA:67,0
DA:70,0
DA:72,0
DA:73,0
DA:77,2
DA:78,4
DA:80,2
DA:82,2
DA:83,6
DA:86,1
DA:87,2
DA:89,1
DA:91,1
DA:92,3
DA:95,2
DA:97,1
DA:99,1
DA:101,1
DA:102,3
DA:108,0
DA:110,0
DA:111,0
DA:117,0
DA:119,0
DA:120,0
DA:126,0
DA:128,0
DA:129,0
DA:135,0
DA:137,0
DA:138,0
DA:141,0
DA:144,0
DA:145,0
DA:146,0
DA:147,0
DA:148,0
LF:62
LH:32
end_of_record
SF:lib/perm/perm.dart
DA:15,6
DA:16,6
DA:18,2
DA:20,0
DA:22,0
DA:23,0
DA:40,2
DA:42,4
DA:43,2
DA:45,2
DA:46,10
DA:50,1
DA:52,2
DA:53,1
DA:54,2
DA:58,1
DA:60,1
DA:61,1
DA:62,2
DA:66,0
DA:68,0
DA:69,0
DA:70,0
DA:74,0
DA:76,0
DA:77,0
DA:78,0
DA:85,0
DA:87,0
DA:88,0
DA:89,0
DA:90,0
DA:92,0
DA:93,0
DA:98,0
DA:101,0
DA:102,0
DA:104,0
DA:105,0
DA:110,0
DA:111,0
DA:114,0
DA:115,0
DA:117,0
DA:119,0
DA:123,0
DA:124,0
DA:125,0
LF:48
LH:16
end_of_record
SF:lib/account/json.dart
DA:15,2
DA:22,1
DA:23,1
DA:26,3
DA:28,6
DA:29,6
DA:30,6
DA:31,6
DA:32,6
DA:33,1
DA:34,1
DA:38,2
DA:39,2
DA:40,4
DA:41,4
DA:42,4
DA:43,4
DA:44,4
DA:50,3
DA:52,1
DA:54,3
DA:55,3
DA:58,1
DA:60,3
DA:61,3
LF:25
LH:25
end_of_record
SF:lib/account/channel.pg.dart
DA:12,1
DA:30,0
DA:31,0
DA:32,0
DA:33,0
DA:34,0
DA:35,0
DA:36,0
DA:40,0
DA:42,0
DA:43,0
DA:44,0
DA:45,0
DA:46,0
DA:47,0
DA:53,13
DA:54,0
DA:56,0
DA:57,0
DA:58,0
DA:60,0
DA:64,0
DA:67,0
DA:68,0
DA:70,0
DA:79,0
DA:85,0
DA:86,0
DA:88,0
DA:90,0
DA:92,0
DA:96,0
DA:97,0
DA:98,0
DA:99,0
DA:100,0
DA:113,0
DA:115,0
DA:119,0
DA:121,0
DA:122,0
DA:125,0
DA:126,0
DA:128,0
LF:44
LH:2
end_of_record
SF:lib/notification/notification.g.dart
DA:12,1
DA:13,2
DA:15,1
DA:17,2
DA:18,1
DA:21,0
DA:23,0
DA:24,0
DA:28,2
DA:29,4
DA:31,2
DA:33,4
DA:34,2
DA:37,1
DA:39,4
DA:40,1
DA:47,0
DA:51,0
DA:52,0
DA:55,1
DA:56,2
DA:58,1
DA:60,4
DA:66,0
DA:68,0
DA:71,0
DA:74,0
DA:75,0
DA:76,0
LF:29
LH:17
end_of_record
SF:lib/notification/notification.dart
DA:16,1
DA:19,0
DA:45,3
DA:47,2
DA:48,7
DA:49,2
DA:50,2
DA:51,6
DA:52,0
DA:53,0
DA:58,0
DA:60,0
DA:61,0
DA:71,0
DA:75,0
DA:76,0
DA:78,0
DA:82,1
DA:85,2
DA:86,3
DA:87,1
DA:91,0
DA:93,0
DA:94,0
DA:95,0
DA:99,1
DA:100,2
DA:101,3
DA:102,0
DA:104,2
LF:30
LH:15
end_of_record
SF:lib/device/channel.pg.dart
DA:15,0
DA:21,0
DA:22,0
DA:24,0
DA:26,0
DA:28,0
DA:32,0
DA:33,0
DA:34,0
DA:35,0
DA:36,0
DA:43,0
DA:44,0
DA:46,0
DA:48,0
DA:50,0
DA:54,0
DA:55,0
DA:56,0
DA:57,0
DA:58,0
DA:65,0
DA:66,0
DA:68,0
DA:70,0
DA:72,0
DA:76,0
DA:77,0
DA:78,0
DA:79,0
DA:80,0
DA:95,0
DA:97,0
DA:101,0
DA:103,0
DA:104,0
DA:107,0
DA:108,0
DA:110,0
DA:116,0
DA:120,0
DA:122,0
DA:123,0
DA:126,0
DA:127,0
DA:129,0
LF:46
LH:0
end_of_record
SF:lib/device/json.dart
DA:12,0
DA:14,0
DA:16,0
DA:17,0
DA:18,0
DA:29,1
DA:35,1
DA:37,2
DA:38,3
DA:39,2
DA:40,2
DA:41,0
DA:42,0
DA:53,1
DA:59,1
DA:65,1
DA:71,1
DA:72,1
DA:73,2
DA:74,2
DA:75,2
DA:76,2
DA:82,3
DA:83,3
DA:85,1
DA:86,2
DA:87,3
DA:88,2
DA:91,1
DA:94,0
DA:97,1
DA:99,1
DA:100,2
DA:101,1
DA:104,3
DA:105,1
DA:107,1
DA:108,2
DA:109,1
DA:112,2
DA:113,3
DA:114,1
LF:42
LH:34
end_of_record
SF:lib/notification/channel.pg.dart
DA:15,0
DA:21,0
DA:22,0
DA:24,0
DA:26,0
DA:28,0
DA:32,0
DA:33,0
DA:34,0
DA:35,0
DA:36,0
DA:43,0
DA:44,0
DA:46,0
DA:48,0
DA:50,0
DA:54,0
DA:55,0
DA:56,0
DA:57,0
DA:58,0
DA:71,0
DA:73,0
DA:77,0
DA:79,0
DA:80,0
DA:83,0
DA:84,0
DA:86,0
LF:29
LH:0
end_of_record
SF:lib/perm/channel.pg.dart
DA:15,0
DA:21,0
DA:22,0
DA:24,0
DA:26,0
DA:28,0
DA:32,0
DA:33,0
DA:34,0
DA:35,0
DA:36,0
DA:38,0
DA:39,0
DA:44,0
DA:48,0
DA:49,0
DA:51,0
DA:53,0
DA:55,0
DA:59,0
DA:60,0
DA:61,0
DA:62,0
DA:63,0
DA:70,0
DA:71,0
DA:73,0
DA:75,0
DA:77,0
DA:81,0
DA:82,0
DA:83,0
DA:84,0
DA:85,0
DA:87,0
DA:88,0
DA:93,0
DA:97,0
DA:98,0
DA:100,0
DA:102,0
DA:104,0
DA:108,0
DA:109,0
DA:110,0
DA:111,0
DA:112,0
DA:114,0
DA:115,0
DA:120,0
LF:50
LH:0
end_of_record
SF:lib/stats/json.dart
DA:14,0
DA:19,0
DA:21,0
DA:22,0
DA:23,0
DA:24,0
DA:25,0
DA:29,0
DA:30,0
DA:31,0
DA:32,0
DA:33,0
DA:41,0
DA:43,0
DA:44,0
DA:45,0
DA:46,0
DA:50,0
DA:51,0
DA:52,0
DA:61,0
DA:63,1
DA:64,3
DA:65,2
DA:66,3
DA:67,3
DA:71,0
DA:72,0
DA:73,0
DA:74,0
DA:83,0
DA:85,1
DA:86,2
DA:87,3
DA:90,0
DA:91,0
DA:92,0
DA:93,0
DA:102,0
DA:104,1
DA:105,3
DA:106,4
DA:109,0
DA:110,0
DA:111,0
DA:112,0
DA:121,0
DA:123,0
DA:124,0
DA:125,0
LF:50
LH:11
end_of_record
SF:lib/account/payment/channel.pg.dart
DA:21,1
DA:45,0
DA:46,0
DA:47,0
DA:48,0
DA:49,0
DA:50,0
DA:51,0
DA:52,0
DA:53,0
DA:57,0
DA:59,0
DA:60,0
DA:61,0
DA:62,0
DA:63,0
DA:64,0
DA:65,0
DA:66,0
DA:72,4
DA:73,0
DA:75,0
DA:76,0
DA:77,0
DA:79,0
DA:83,0
DA:86,0
DA:87,0
DA:89,0
DA:98,0
DA:104,0
DA:105,0
DA:107,0
DA:109,0
DA:111,0
DA:115,0
DA:116,0
DA:117,0
DA:118,0
DA:119,0
DA:121,0
DA:122,0
DA:127,0
DA:131,0
DA:132,0
DA:134,0
DA:136,0
DA:138,0
DA:142,0
DA:143,0
DA:144,0
DA:145,0
DA:146,0
DA:148,0
DA:149,0
DA:154,0
DA:158,0
DA:159,0
DA:161,0
DA:163,0
DA:165,0
DA:169,0
DA:170,0
DA:171,0
DA:172,0
DA:173,0
DA:175,0
DA:176,0
DA:181,0
DA:185,0
DA:186,0
DA:188,0
DA:190,0
DA:192,0
DA:196,0
DA:197,0
DA:198,0
DA:199,0
DA:200,0
DA:202,0
DA:203,0
DA:208,0
DA:212,0
DA:213,0
DA:215,0
DA:217,0
DA:219,0
DA:223,0
DA:224,0
DA:225,0
DA:226,0
DA:227,0
DA:229,0
DA:230,0
DA:235,0
DA:239,0
DA:240,0
DA:242,0
DA:244,0
DA:246,0
DA:250,0
DA:251,0
DA:252,0
DA:253,0
DA:254,0
DA:261,0
DA:262,0
DA:264,0
DA:266,0
DA:268,0
DA:272,0
DA:273,0
DA:274,0
DA:275,0
DA:276,0
DA:283,0
DA:284,0
DA:286,0
DA:288,0
DA:290,0
DA:294,0
DA:295,0
DA:296,0
DA:297,0
DA:298,0
DA:317,0
DA:319,0
DA:323,0
DA:325,0
DA:326,0
DA:329,0
DA:330,0
DA:332,0
DA:338,0
DA:342,0
DA:344,0
DA:346,0
DA:352,0
DA:356,0
DA:358,0
DA:359,0
DA:362,0
DA:363,0
DA:365,0
DA:371,0
DA:375,0
DA:377,0
DA:379,0
LF:148
LH:2
end_of_record
SF:lib/account/payment/payment.g.dart
DA:12,1
DA:13,2
DA:15,1
DA:17,2
DA:18,1
DA:21,1
DA:23,4
DA:24,1
DA:28,1
DA:29,2
DA:31,1
DA:33,2
DA:34,1
DA:37,1
DA:39,4
DA:40,1
DA:44,1
DA:45,2
DA:47,1
DA:49,2
DA:50,1
DA:53,1
DA:55,4
DA:56,1
DA:60,1
DA:61,2
DA:63,1
DA:65,1
DA:66,3
DA:69,1
DA:70,2
DA:72,1
DA:74,4
DA:77,1
DA:78,2
DA:80,1
DA:82,4
DA:85,2
DA:87,1
DA:89,1
DA:91,1
DA:92,3
DA:95,0
DA:98,0
DA:99,0
DA:100,0
DA:101,0
LF:47
LH:42
end_of_record
SF:lib/account/payment/payment.dart
DA:18,3
DA:19,3
DA:20,3
DA:22,1
DA:23,4
DA:24,2
DA:27,4
DA:29,2
DA:34,0
DA:36,0
DA:37,0
DA:38,0
DA:50,1
DA:52,2
DA:53,1
DA:54,1
DA:56,1
DA:58,4
DA:59,1
DA:60,0
DA:61,0
DA:67,1
DA:69,2
DA:70,1
DA:71,1
DA:73,1
DA:75,1
DA:77,1
DA:81,2
DA:82,1
DA:83,1
DA:84,1
DA:85,2
DA:86,1
DA:92,1
DA:94,2
DA:95,1
DA:96,1
DA:98,1
DA:100,1
DA:102,0
DA:106,2
DA:107,1
DA:108,1
DA:109,0
DA:110,0
DA:111,0
DA:117,1
DA:120,2
DA:121,1
DA:123,2
DA:124,0
DA:125,0
DA:126,0
DA:130,1
DA:132,1
DA:135,0
DA:137,0
DA:138,1
DA:141,1
DA:142,1
DA:147,1
DA:148,2
DA:151,2
DA:152,1
DA:153,1
DA:156,1
DA:159,2
DA:160,2
DA:163,1
DA:164,2
DA:168,3
DA:169,2
DA:171,2
DA:173,2
DA:174,1
DA:177,2
DA:179,0
DA:186,1
DA:187,2
DA:188,2
DA:189,1
DA:190,1
DA:192,1
DA:196,1
DA:197,2
DA:198,0
LF:87
LH:70
end_of_record
SF:lib/entrypoint.dart
DA:87,0
DA:89,0
DA:91,0
DA:92,0
DA:93,0
DA:94,0
DA:95,0
DA:96,0
DA:97,0
DA:98,0
DA:99,0
DA:100,0
DA:101,0
DA:102,0
DA:104,0
DA:105,0
DA:106,0
DA:107,0
DA:108,0
DA:109,0
DA:111,0
DA:112,0
DA:113,0
DA:114,0
DA:115,0
DA:116,0
DA:117,0
DA:118,0
DA:119,0
DA:120,0
DA:121,0
DA:122,0
DA:123,0
DA:124,0
DA:125,0
DA:126,0
DA:127,0
DA:128,0
DA:129,0
DA:130,0
DA:131,0
DA:132,0
DA:133,0
DA:136,0
DA:137,0
DA:141,0
DA:144,0
DA:145,0
DA:146,0
DA:149,0
DA:150,0
DA:152,0
DA:153,0
DA:154,0
DA:155,0
DA:157,0
DA:158,0
DA:160,0
DA:161,0
DA:163,0
DA:164,0
DA:166,0
DA:167,0
DA:168,0
DA:170,0
DA:171,0
DA:173,0
DA:174,0
DA:175,0
DA:176,0
DA:177,0
DA:178,0
DA:179,0
DA:180,0
DA:181,0
DA:183,0
DA:184,0
DA:185,0
DA:186,0
DA:187,0
DA:188,0
DA:189,0
DA:191,0
DA:199,0
DA:200,0
DA:201,0
DA:202,0
DA:203,0
DA:204,0
DA:205,0
DA:206,0
DA:207,0
DA:208,0
DA:209,0
DA:213,0
DA:214,0
DA:215,0
DA:217,0
DA:219,0
DA:220,0
DA:221,0
DA:222,0
DA:223,0
DA:225,0
DA:232,0
DA:235,0
DA:237,0
DA:239,0
DA:240,0
DA:241,0
DA:246,0
DA:250,0
DA:252,0
DA:253,0
DA:254,0
DA:255,0
DA:256,0
DA:257,0
DA:258,0
DA:262,0
DA:264,0
DA:265,0
DA:269,0
DA:271,0
DA:273,0
DA:275,0
DA:280,0
DA:282,0
DA:283,0
DA:284,0
DA:286,0
DA:287,0
DA:288,0
DA:293,0
DA:295,0
DA:296,0
DA:297,0
DA:301,0
DA:303,0
DA:304,0
DA:308,0
DA:310,0
DA:311,0
DA:315,0
DA:317,0
DA:318,0
DA:319,0
DA:320,0
DA:321,0
DA:322,0
DA:323,0
DA:324,0
DA:325,0
DA:330,0
DA:332,0
DA:333,0
DA:334,0
DA:338,0
DA:340,0
DA:341,0
DA:345,0
DA:347,0
DA:348,0
DA:349,0
DA:353,0
DA:358,0
DA:359,0
DA:363,0
DA:365,0
DA:366,0
DA:367,0
DA:368,0
DA:369,0
DA:370,0
DA:375,0
DA:377,0
DA:378,0
DA:382,0
DA:384,0
DA:385,0
DA:389,0
DA:391,0
DA:392,0
DA:404,0
DA:406,0
DA:407,0
DA:411,0
DA:413,0
DA:414,0
DA:418,0
DA:420,0
DA:421,0
DA:425,0
DA:427,0
DA:428,0
DA:432,0
DA:434,0
DA:435,0
DA:439,0
DA:441,0
DA:442,0
DA:446,0
DA:448,0
DA:449,0
DA:453,0
DA:455,0
DA:456,0
DA:467,0
DA:469,0
DA:470,0
DA:474,0
DA:476,0
DA:477,0
DA:481,0
DA:483,0
DA:484,0
DA:485,0
DA:489,0
DA:491,0
DA:493,0
DA:497,0
DA:499,0
DA:500,0
DA:504,0
DA:506,0
DA:508,0
DA:512,0
DA:514,0
DA:515,0
DA:519,0
DA:521,0
DA:522,0
DA:526,0
DA:528,0
DA:529,0
DA:530,0
DA:531,0
DA:533,0
LF:238
LH:0
end_of_record
SF:lib/deck/channel.pg.dart
DA:12,1
DA:24,0
DA:25,0
DA:26,0
DA:27,0
DA:28,0
DA:32,0
DA:34,0
DA:35,0
DA:36,0
DA:37,0
DA:43,1
DA:55,0
DA:56,0
DA:57,0
DA:58,0
DA:59,0
DA:63,0
DA:65,0
DA:66,0
DA:67,0
DA:68,0
DA:74,4
DA:75,0
DA:77,0
DA:78,0
DA:79,0
DA:80,0
DA:81,0
DA:82,0
DA:84,0
DA:88,0
DA:91,0
DA:92,0
DA:93,0
DA:94,0
DA:96,0
DA:105,0
DA:111,0
DA:112,0
DA:114,0
DA:116,0
DA:118,0
DA:122,0
DA:123,0
DA:124,0
DA:125,0
DA:126,0
DA:143,0
DA:145,0
DA:149,0
DA:151,0
DA:152,0
DA:155,0
DA:156,0
DA:158,0
DA:159,0
DA:161,0
DA:167,0
DA:171,0
DA:173,0
DA:174,0
DA:177,0
DA:178,0
DA:180,0
DA:181,0
DA:183,0
DA:189,0
DA:193,0
DA:195,0
DA:196,0
DA:199,0
DA:200,0
DA:202,0
DA:203,0
DA:205,0
LF:76
LH:3
end_of_record
SF:lib/account/payment/json.dart
DA:17,0
DA:22,0
DA:28,0
DA:29,0
DA:30,0
DA:31,0
DA:32,0
DA:34,0
DA:35,0
DA:37,0
DA:38,0
DA:48,0
DA:49,0
DA:52,0
DA:53,0
DA:54,0
DA:56,0
DA:58,0
DA:59,0
DA:60,0
DA:61,0
DA:64,0
DA:65,0
DA:66,0
DA:67,0
DA:68,0
DA:71,0
DA:74,0
DA:75,0
DA:76,0
DA:77,0
LF:31
LH:0
end_of_record
SF:lib/deck/deck.g.dart
DA:12,3
DA:14,1
DA:16,2
DA:17,1
DA:20,1
DA:22,4
DA:23,1
DA:27,1
DA:28,2
DA:30,1
DA:32,2
DA:33,1
DA:36,1
DA:38,4
DA:39,1
DA:43,1
DA:44,2
DA:46,1
DA:48,2
DA:49,1
DA:52,1
DA:54,4
DA:55,1
DA:59,1
DA:60,2
DA:62,1
DA:64,2
DA:65,1
DA:68,1
DA:70,4
DA:71,1
DA:75,1
DA:76,2
DA:78,1
DA:80,4
DA:83,1
DA:84,2
DA:86,1
DA:88,1
DA:89,3
DA:92,1
DA:93,2
DA:95,1
DA:97,1
DA:98,3
DA:104,0
DA:106,0
DA:107,0
DA:113,0
DA:115,0
DA:116,0
DA:119,1
DA:120,2
DA:122,1
DA:124,1
DA:125,3
DA:128,0
DA:131,0
DA:132,0
DA:133,0
DA:134,0
DA:135,0
LF:62
LH:50
end_of_record
SF:lib/deck/deck.dart
DA:17,1
DA:18,2
DA:19,2
DA:20,1
DA:21,2
DA:24,1
DA:25,2
DA:26,2
DA:27,3
DA:28,4
DA:29,2
DA:32,1
DA:33,11
DA:38,0
DA:44,3
DA:45,3
DA:46,3
DA:47,3
DA:49,1
DA:50,4
DA:51,5
DA:55,0
DA:57,0
DA:58,0
DA:59,0
DA:75,1
DA:77,2
DA:78,2
DA:79,1
DA:80,2
DA:81,2
DA:82,2
DA:83,0
DA:87,1
DA:88,1
DA:90,1
DA:91,3
DA:93,3
DA:95,2
DA:97,1
DA:98,3
DA:103,2
DA:104,1
DA:105,5
DA:106,2
DA:107,2
DA:111,1
DA:114,2
DA:115,1
DA:116,3
DA:117,3
DA:119,3
DA:120,5
DA:121,2
DA:122,3
DA:123,0
DA:124,0
DA:131,1
DA:133,2
DA:135,2
DA:137,1
DA:139,0
DA:141,2
DA:142,1
DA:143,3
DA:144,2
DA:145,4
DA:146,2
DA:150,1
DA:151,1
DA:155,0
DA:157,0
DA:158,0
DA:159,0
DA:161,0
DA:163,0
DA:168,0
DA:170,0
DA:171,0
DA:175,0
DA:176,0
DA:177,0
DA:181,0
DA:182,0
DA:184,0
DA:188,0
DA:193,1
DA:195,2
DA:196,2
DA:200,3
DA:204,1
DA:205,6
DA:206,1
DA:207,1
DA:208,1
LF:95
LH:70
end_of_record
SF:lib/deck/json.dart
DA:12,0
DA:14,1
DA:16,2
DA:17,3
DA:18,3
DA:20,1
DA:21,0
DA:22,1
DA:23,1
DA:34,1
DA:40,1
DA:42,2
DA:43,2
DA:44,2
DA:45,2
DA:46,0
DA:47,0
DA:53,3
DA:54,3
DA:56,1
DA:57,2
DA:58,3
DA:59,3
LF:23
LH:19
end_of_record
SF:lib/stats/refresh/refresh.dart
DA:22,0
DA:30,0
DA:31,0
DA:32,0
DA:39,0
DA:45,0
DA:46,0
DA:47,0
DA:48,0
DA:49,0
DA:50,0
DA:54,0
DA:55,0
DA:56,0
DA:57,0
DA:58,0
DA:59,0
DA:60,0
DA:64,0
DA:65,0
DA:67,0
DA:68,0
DA:69,0
DA:70,0
DA:72,0
DA:83,0
DA:84,0
DA:85,0
DA:86,0
DA:90,0
DA:92,0
DA:98,0
DA:100,0
DA:101,0
DA:102,0
DA:106,0
DA:109,0
DA:110,0
DA:112,0
DA:116,0
DA:118,0
DA:119,0
DA:120,0
DA:124,0
DA:126,0
DA:127,0
DA:128,0
DA:132,0
DA:134,0
DA:136,0
DA:138,0
LF:51
LH:0
end_of_record
SF:lib/stats/refresh/refresh.g.dart
DA:15,0
DA:17,0
DA:18,0
DA:21,0
DA:23,0
DA:24,0
DA:31,0
DA:33,0
DA:34,0
DA:40,0
DA:43,0
DA:44,0
DA:50,0
DA:52,0
DA:53,0
DA:59,0
DA:61,0
DA:62,0
DA:65,0
DA:68,0
DA:69,0
LF:21
LH:0
end_of_record
SF:lib/stats/stats.dart
DA:34,0
DA:44,0
DA:45,0
DA:46,0
DA:48,0
DA:49,0
DA:50,0
DA:51,0
DA:54,0
DA:66,0
DA:74,0
DA:76,0
DA:77,0
DA:86,0
DA:88,0
DA:89,0
DA:90,0
DA:91,0
DA:92,0
DA:96,0
DA:97,0
DA:98,0
DA:99,0
DA:103,0
DA:104,0
DA:107,0
DA:108,0
DA:109,0
DA:110,0
DA:111,0
DA:112,0
DA:113,0
DA:115,0
DA:116,0
DA:117,0
DA:120,0
DA:122,0
DA:130,0
DA:131,0
DA:132,0
DA:133,0
DA:134,0
DA:137,0
DA:140,0
DA:141,0
DA:142,0
DA:143,0
DA:144,0
DA:147,0
DA:148,0
DA:149,0
DA:150,0
DA:151,0
DA:157,0
DA:158,0
DA:159,0
DA:160,0
DA:162,0
DA:163,0
DA:164,0
DA:169,0
LF:61
LH:0
end_of_record
SF:lib/stats/stats.g.dart
DA:14,0
DA:16,0
DA:17,0
DA:20,0
DA:22,0
DA:23,0
DA:30,0
DA:32,0
DA:33,0
DA:36,0
DA:38,0
DA:39,0
DA:46,0
DA:48,0
DA:51,0
DA:54,0
DA:55,0
DA:56,0
LF:18
LH:0
end_of_record
SF:lib/ui/home/home.g.dart
DA:15,0
DA:17,0
DA:18,0
DA:21,0
DA:23,0
DA:24,0
DA:25,0
DA:32,0
DA:34,0
DA:37,0
DA:39,0
DA:43,0
DA:45,0
DA:48,0
DA:50,0
DA:54,0
DA:57,0
DA:58,0
LF:18
LH:0
end_of_record
SF:lib/ui/home/home.dart
DA:14,0
DA:15,0
DA:16,0
DA:17,0
DA:18,0
DA:23,0
DA:25,0
DA:31,0
DA:33,0
DA:36,0
DA:38,0
LF:11
LH:0
end_of_record
